Recieved Key xaa worker_id A2T321GO5NUCQY #responses 1
Loading xaa 21
Error in file xaa line 20 
Loaded Query-document pairs for xaa length 20
Key A2T321GO5NUCQY	xaa 20 273 wilson's disease
Recieved Key xaa worker_id A1H198MRIM37T1 #responses 1
Key A1H198MRIM37T1	xaa 20 273 wilson's disease
Recieved Key xaa worker_id A2T321GO5NUCQY #responses 1
Key A2T321GO5NUCQY	xaa 20 273 wilson's disease
Recieved Key xaa worker_id A2T321GO5NUCQY #responses 1
Key A2T321GO5NUCQY	xaa 20 273 wilson's disease
Recieved Key xaa worker_id manisha #responses 1
Key manisha	xaa 20 273 wilson's disease
Key manisha	xaa 20 191 churchill downs
Recieved Key xaa worker_id AQBSUZV7SHTW #responses 1
Key AQBSUZV7SHTW	xaa 20 273 wilson's disease
Key AQBSUZV7SHTW	xaa 20 191 churchill downs
Recieved Key xaa worker_id manisha #responses 1
Key manisha	xaa 20 273 wilson's disease
Key manisha	xaa 20 191 churchill downs
Key manisha	xaa 20 215 maryland department of natural resources
Key manisha	xaa 20 199 fybromyalgia
Key AQBSUZV7SHTW	xaa 20 215 maryland department of natural resources
Key AQBSUZV7SHTW	xaa 20 199 fybromyalgia
Key AQBSUZV7SHTW	xaa 20 216 nicolas cage movies
Key AQBSUZV7SHTW	xaa 20 274 golf instruction
Key AQBSUZV7SHTW	xaa 20 211 what is madagascar known for
Key AQBSUZV7SHTW	xaa 20 194 designer dog breeds
Key AQBSUZV7SHTW	xaa 20 272 dreams interpretation
Recieved Key 12 worker_id 3746 #responses 1
Attempt to load incorrect batch id 12
Key AQBSUZV7SHTW	xaa 20 193 dog clean up bags
Recieved Key 112 worker_id 3746 #responses 1
Attempt to load incorrect batch id 112
Recieved Key 112 worker_id 3746 #responses 1
Attempt to load incorrect batch id 112
Recieved Key a12 worker_id 3746 #responses 1
Attempt to load incorrect batch id a12
Key AQBSUZV7SHTW	xaa 20 197 idaho state flower
Key AQBSUZV7SHTW	xaa 20 214 capital gains tax rate
Key AQBSUZV7SHTW	xaa 20 192 condos in florida
Key AQBSUZV7SHTW	xaa 20 198 indiana state fairgrounds
Key AQBSUZV7SHTW	xaa 20 195 pressure washers
Key AQBSUZV7SHTW	xaa 20 217 kids earth day activities
Key AQBSUZV7SHTW	xaa 20 210 golf gps
Key AQBSUZV7SHTW	xaa 20 196 sore throat
Key AQBSUZV7SHTW	xaa 20 164 hobby stores
Key AQBSUZV7SHTW	xaa 20 190 brooks brothers clearance
Recieved Key xab worker_id manisha #responses 1
Loading xab 21
Error in file xab line 20 
Loaded Query-document pairs for xab length 20
Key manisha	xab 20 213 carpal tunnel syndrome
Recieved Key xac worker_id manisha #responses 1
Loading xac 21
Error in file xac line 20 
Loaded Query-document pairs for xac length 20
Key manisha	xac 20 187 vanuatu
Recieved Key xac worker_id A2Y2OK6OZ0L2ZU #responses 1
Key A2Y2OK6OZ0L2ZU	xac 20 187 vanuatu
Key A2Y2OK6OZ0L2ZU	xac 20 267 feliz navidad lyrics
Key A2Y2OK6OZ0L2ZU	xac 20 205 average charitable donation
Key A2Y2OK6OZ0L2ZU	xac 20 200 ontario california airport
Recieved Key xac worker_id A22ZVWOXT5JNNU #responses 1
Key A22ZVWOXT5JNNU	xac 20 187 vanuatu
Key A2Y2OK6OZ0L2ZU	xac 20 189 gs pay rate
Key A2Y2OK6OZ0L2ZU	xac 20 169 battles in the civil war
Key A22ZVWOXT5JNNU	xac 20 267 feliz navidad lyrics
Key A2Y2OK6OZ0L2ZU	xac 20 204 rules of golf
Key A2Y2OK6OZ0L2ZU	xac 20 181 old coins
Key A22ZVWOXT5JNNU	xac 20 205 average charitable donation
Key A2Y2OK6OZ0L2ZU	xac 20 207 bph treatment
Key A2Y2OK6OZ0L2ZU	xac 20 188 internet phone service
Recieved Key xab worker_id AET2U31SXUAPM #responses 1
Key AET2U31SXUAPM	xab 20 213 carpal tunnel syndrome
Recieved Key xab worker_id A2EW8H9R0T06M4 #responses 1
Key A2EW8H9R0T06M4	xab 20 213 carpal tunnel syndrome
Key A2EW8H9R0T06M4	xab 20 170 scooters
Key A2EW8H9R0T06M4	xab 20 177 best long term care insurance
Key A2EW8H9R0T06M4	xab 20 178 pork tenderloin
Key A2EW8H9R0T06M4	xab 20 237 lump in throat
Key A2EW8H9R0T06M4	xab 20 172 becoming a paralegal
Recieved Key 3MD9PLUKKJN7F0W2581MB67XE1BNZG worker_id A3N6DWJC7P3HSI #responses 1
Attempt to load incorrect batch id 3MD9PLUKKJN7F0W2581MB67XE1BNZG
Recieved Key xaa worker_id A3N6DWJC7P3HSI #responses 1
Key A3N6DWJC7P3HSI	xaa 20 273 wilson's disease
Key A2EW8H9R0T06M4	xab 20 171 ron howard
Key A2EW8H9R0T06M4	xab 20 182 quit smoking
Key A3N6DWJC7P3HSI	xaa 20 191 churchill downs
Key A2EW8H9R0T06M4	xab 20 176 weather strip
Key A3N6DWJC7P3HSI	xaa 20 215 maryland department of natural resources
Key A3N6DWJC7P3HSI	xaa 20 199 fybromyalgia
Key A2EW8H9R0T06M4	xab 20 257 holes by louis sachar
Key A3N6DWJC7P3HSI	xaa 20 216 nicolas cage movies
Key A2EW8H9R0T06M4	xab 20 174 rock art
Key A3N6DWJC7P3HSI	xaa 20 274 golf instruction
Key A3N6DWJC7P3HSI	xaa 20 211 what is madagascar known for
Key A2EW8H9R0T06M4	xab 20 180 newyork hotels
Key A2EW8H9R0T06M4	xab 20 173 hip fractures
Key A2EW8H9R0T06M4	xab 20 183 kansas city mo
Key A2EW8H9R0T06M4	xab 20 179 black history
Key A2EW8H9R0T06M4	xab 20 253 tooth abscess
Key A2EW8H9R0T06M4	xab 20 175 signs of a heartattack
Key A2EW8H9R0T06M4	xab 20 248 eggs shelf life
Key A2EW8H9R0T06M4	xab 20 240 presidential middle names
Recieved Key xaa worker_id A110KENBXU7SUJ #responses 1
Key A110KENBXU7SUJ	xaa 20 273 wilson's disease
Key A2EW8H9R0T06M4	xab 20 256 patron saint of mental illness
Recieved Key wca worker_id 3746 #responses 1
Attempt to load incorrect batch id wca
Recieved Key wxa worker_id 3746 #responses 1
Attempt to load incorrect batch id wxa
Recieved Key bxa worker_id 3746 #responses 1
Attempt to load incorrect batch id bxa
Recieved Key xaa worker_id A313DEPLYR35G9 #responses 1
Key A313DEPLYR35G9	xaa 20 273 wilson's disease
Recieved Key xaa worker_id A313DEPLYR35G9 #responses 1
Key A313DEPLYR35G9	xaa 20 273 wilson's disease
Key A313DEPLYR35G9	xaa 20 191 churchill downs
Key A313DEPLYR35G9	xaa 20 215 maryland department of natural resources
Key A313DEPLYR35G9	xaa 20 199 fybromyalgia
Key A313DEPLYR35G9	xaa 20 216 nicolas cage movies
Recieved Key xac worker_id A1C0H8G0YI15MN #responses 1
Key A1C0H8G0YI15MN	xac 20 187 vanuatu
Key A313DEPLYR35G9	xaa 20 274 golf instruction
Key A313DEPLYR35G9	xaa 20 211 what is madagascar known for
Key A1C0H8G0YI15MN	xac 20 267 feliz navidad lyrics
Key A313DEPLYR35G9	xaa 20 194 designer dog breeds
Key A1C0H8G0YI15MN	xac 20 205 average charitable donation
Key A313DEPLYR35G9	xaa 20 272 dreams interpretation
Key A1C0H8G0YI15MN	xac 20 200 ontario california airport
Key A313DEPLYR35G9	xaa 20 193 dog clean up bags
Recieved Key xac worker_id A324FQ64NCN2YS #responses 1
Key A324FQ64NCN2YS	xac 20 187 vanuatu
Recieved Key xaa worker_id A13O647FD24R4V #responses 1
Key A13O647FD24R4V	xaa 20 273 wilson's disease
Recieved Key xac worker_id A3G4SJREB8K0BG #responses 1
Key A3G4SJREB8K0BG	xac 20 187 vanuatu
Recieved Key xaa worker_id A5ET25WTBJC0J #responses 1
Key A5ET25WTBJC0J	xaa 20 273 wilson's disease
Key A5ET25WTBJC0J	xaa 20 191 churchill downs
Key A5ET25WTBJC0J	xaa 20 215 maryland department of natural resources
Key A5ET25WTBJC0J	xaa 20 199 fybromyalgia
Key A5ET25WTBJC0J	xaa 20 216 nicolas cage movies
Key A5ET25WTBJC0J	xaa 20 274 golf instruction
Recieved Key xaa worker_id AW5FP8MFB3F7X #responses 1
Key AW5FP8MFB3F7X	xaa 20 273 wilson's disease
Key A5ET25WTBJC0J	xaa 20 211 what is madagascar known for
Key A5ET25WTBJC0J	xaa 20 194 designer dog breeds
Key AW5FP8MFB3F7X	xaa 20 191 churchill downs
Key A5ET25WTBJC0J	xaa 20 272 dreams interpretation
Key AW5FP8MFB3F7X	xaa 20 215 maryland department of natural resources
Key A5ET25WTBJC0J	xaa 20 193 dog clean up bags
Recieved Key xac worker_id AJ6IIWWL0KF5Q #responses 1
Key AJ6IIWWL0KF5Q	xac 20 187 vanuatu
Key A5ET25WTBJC0J	xaa 20 197 idaho state flower
Key A5ET25WTBJC0J	xaa 20 214 capital gains tax rate
Key A5ET25WTBJC0J	xaa 20 192 condos in florida
Key A5ET25WTBJC0J	xaa 20 198 indiana state fairgrounds
Key A5ET25WTBJC0J	xaa 20 195 pressure washers
Key A5ET25WTBJC0J	xaa 20 217 kids earth day activities
Key A5ET25WTBJC0J	xaa 20 210 golf gps
Key A5ET25WTBJC0J	xaa 20 196 sore throat
Recieved Key xaa worker_id A3N28BORDIK55A #responses 1
Key A3N28BORDIK55A	xaa 20 273 wilson's disease
Key A5ET25WTBJC0J	xaa 20 164 hobby stores
Key A5ET25WTBJC0J	xaa 20 190 brooks brothers clearance
Recieved Key xac worker_id A22AEEEAJDHREX #responses 1
Key A22AEEEAJDHREX	xac 20 187 vanuatu
Key A3N28BORDIK55A	xaa 20 191 churchill downs
Key A3N28BORDIK55A	xaa 20 215 maryland department of natural resources
Recieved Key xac worker_id A22AEEEAJDHREX #responses 1
Key A22AEEEAJDHREX	xac 20 187 vanuatu
Key A22AEEEAJDHREX	xac 20 267 feliz navidad lyrics
Key A22AEEEAJDHREX	xac 20 205 average charitable donation
Recieved Key xaa worker_id AXVRBW3FG3OKM #responses 1
Key AXVRBW3FG3OKM	xaa 20 273 wilson's disease
Key A22AEEEAJDHREX	xac 20 200 ontario california airport
Recieved Key xac worker_id A1RJMGLULYIJCV #responses 1
Key A1RJMGLULYIJCV	xac 20 187 vanuatu
Recieved Key xac worker_id A2A8HRBDYBV6XJ #responses 1
Key A2A8HRBDYBV6XJ	xac 20 187 vanuatu
Key A2A8HRBDYBV6XJ	xac 20 267 feliz navidad lyrics
Recieved Key xac worker_id A232UCDEI33H4H #responses 1
Key A232UCDEI33H4H	xac 20 187 vanuatu
Key A2A8HRBDYBV6XJ	xac 20 205 average charitable donation
Key A2A8HRBDYBV6XJ	xac 20 200 ontario california airport
Key A232UCDEI33H4H	xac 20 267 feliz navidad lyrics
Key A2A8HRBDYBV6XJ	xac 20 189 gs pay rate
Key A2A8HRBDYBV6XJ	xac 20 169 battles in the civil war
Key A232UCDEI33H4H	xac 20 205 average charitable donation
Key A2A8HRBDYBV6XJ	xac 20 204 rules of golf
Key A2A8HRBDYBV6XJ	xac 20 181 old coins
Key A2A8HRBDYBV6XJ	xac 20 207 bph treatment
Key A2A8HRBDYBV6XJ	xac 20 188 internet phone service
Key A232UCDEI33H4H	xac 20 200 ontario california airport
Recieved Key xaa worker_id A14WLAP6TCEKO0 #responses 1
Key A14WLAP6TCEKO0	xaa 20 273 wilson's disease
Key A232UCDEI33H4H	xac 20 189 gs pay rate
Key A232UCDEI33H4H	xac 20 169 battles in the civil war
Key A232UCDEI33H4H	xac 20 204 rules of golf
Key A232UCDEI33H4H	xac 20 181 old coins
Key A232UCDEI33H4H	xac 20 207 bph treatment
Key A232UCDEI33H4H	xac 20 188 internet phone service
Recieved Key xaa worker_id A1WF1X8PQQJ2OQ #responses 1
Key A1WF1X8PQQJ2OQ	xaa 20 273 wilson's disease
Recieved Key xac worker_id A232UCDEI33H4H #responses 1
Key A232UCDEI33H4H	xac 20 187 vanuatu
Key A1WF1X8PQQJ2OQ	xaa 20 191 churchill downs
Recieved Key xaa worker_id A232UCDEI33H4H #responses 1
Key A232UCDEI33H4H	xaa 20 273 wilson's disease
Key A1WF1X8PQQJ2OQ	xaa 20 215 maryland department of natural resources
Key A1WF1X8PQQJ2OQ	xaa 20 199 fybromyalgia
Key A232UCDEI33H4H	xaa 20 191 churchill downs
Key A1WF1X8PQQJ2OQ	xaa 20 216 nicolas cage movies
Key A1WF1X8PQQJ2OQ	xaa 20 274 golf instruction
Recieved Key xab worker_id A26VCAPOC667HR #responses 1
Key A26VCAPOC667HR	xab 20 213 carpal tunnel syndrome
Key A26VCAPOC667HR	xab 20 170 scooters
Key A26VCAPOC667HR	xab 20 177 best long term care insurance
Key A26VCAPOC667HR	xab 20 178 pork tenderloin
Key A232UCDEI33H4H	xaa 20 215 maryland department of natural resources
Key A26VCAPOC667HR	xab 20 237 lump in throat
Key A26VCAPOC667HR	xab 20 172 becoming a paralegal
Key A26VCAPOC667HR	xab 20 171 ron howard
Key A26VCAPOC667HR	xab 20 182 quit smoking
Key A26VCAPOC667HR	xab 20 176 weather strip
Key A232UCDEI33H4H	xaa 20 199 fybromyalgia
Key A26VCAPOC667HR	xab 20 257 holes by louis sachar
Key A26VCAPOC667HR	xab 20 174 rock art
Key A26VCAPOC667HR	xab 20 180 newyork hotels
Key A26VCAPOC667HR	xab 20 173 hip fractures
Key A26VCAPOC667HR	xab 20 183 kansas city mo
Key A26VCAPOC667HR	xab 20 179 black history
Key A26VCAPOC667HR	xab 20 253 tooth abscess
Key A26VCAPOC667HR	xab 20 175 signs of a heartattack
Key A232UCDEI33H4H	xaa 20 216 nicolas cage movies
Key A26VCAPOC667HR	xab 20 248 eggs shelf life
Key A26VCAPOC667HR	xab 20 240 presidential middle names
Key A26VCAPOC667HR	xab 20 256 patron saint of mental illness
Key A232UCDEI33H4H	xaa 20 274 golf instruction
Key A232UCDEI33H4H	xaa 20 211 what is madagascar known for
Key A232UCDEI33H4H	xaa 20 194 designer dog breeds
Key A232UCDEI33H4H	xaa 20 272 dreams interpretation
Key A232UCDEI33H4H	xaa 20 193 dog clean up bags
Key A232UCDEI33H4H	xaa 20 197 idaho state flower
Key A232UCDEI33H4H	xaa 20 214 capital gains tax rate
Key A232UCDEI33H4H	xaa 20 192 condos in florida
Key A232UCDEI33H4H	xaa 20 198 indiana state fairgrounds
Key A232UCDEI33H4H	xaa 20 195 pressure washers
Key A232UCDEI33H4H	xaa 20 217 kids earth day activities
Key A232UCDEI33H4H	xaa 20 210 golf gps
Key A232UCDEI33H4H	xaa 20 196 sore throat
Key A232UCDEI33H4H	xaa 20 164 hobby stores
Key A232UCDEI33H4H	xaa 20 190 brooks brothers clearance
Recieved Key xac worker_id A1A3TGZ7DKJWRW #responses 1
Key A1A3TGZ7DKJWRW	xac 20 187 vanuatu
Key A1A3TGZ7DKJWRW	xac 20 267 feliz navidad lyrics
Key A1A3TGZ7DKJWRW	xac 20 205 average charitable donation
Recieved Key xac worker_id AIOF4ZQQ9UDZ4 #responses 1
Key AIOF4ZQQ9UDZ4	xac 20 187 vanuatu
Key AIOF4ZQQ9UDZ4	xac 20 267 feliz navidad lyrics
Key AIOF4ZQQ9UDZ4	xac 20 205 average charitable donation
Key AIOF4ZQQ9UDZ4	xac 20 200 ontario california airport
Key AIOF4ZQQ9UDZ4	xac 20 189 gs pay rate
Key AIOF4ZQQ9UDZ4	xac 20 169 battles in the civil war
Key AIOF4ZQQ9UDZ4	xac 20 204 rules of golf
Key AIOF4ZQQ9UDZ4	xac 20 181 old coins
Key AIOF4ZQQ9UDZ4	xac 20 207 bph treatment
Key AIOF4ZQQ9UDZ4	xac 20 188 internet phone service
Recieved Key xac worker_id A1U4BGCXUPH8Z2 #responses 1
Key A1U4BGCXUPH8Z2	xac 20 187 vanuatu
Key A1U4BGCXUPH8Z2	xac 20 267 feliz navidad lyrics
Key A1U4BGCXUPH8Z2	xac 20 205 average charitable donation
Recieved Key xac worker_id AK7LGB1QOGA1P #responses 1
Key AK7LGB1QOGA1P	xac 20 187 vanuatu
Key AK7LGB1QOGA1P	xac 20 267 feliz navidad lyrics
Key AK7LGB1QOGA1P	xac 20 205 average charitable donation
Key AK7LGB1QOGA1P	xac 20 200 ontario california airport
Recieved Key xac worker_id A1OSRAPSRT934Z #responses 1
Key A1OSRAPSRT934Z	xac 20 187 vanuatu
Key A1OSRAPSRT934Z	xac 20 267 feliz navidad lyrics
Key A1OSRAPSRT934Z	xac 20 205 average charitable donation
Key A1OSRAPSRT934Z	xac 20 200 ontario california airport
Recieved Key Marking document relevance and Effort for a query worker_id A3G2JDGJCXCWVD #responses 1
Attempt to load incorrect batch id Marking document relevance and Effort for a query
Recieved Key xac worker_id A3G2JDGJCXCWVD #responses 1
Key A3G2JDGJCXCWVD	xac 20 187 vanuatu
Recieved Key xac worker_id A3NS22CC45PE4P #responses 1
Key A3NS22CC45PE4P	xac 20 187 vanuatu
Key A3NS22CC45PE4P	xac 20 267 feliz navidad lyrics
Key A3NS22CC45PE4P	xac 20 205 average charitable donation
Key A3NS22CC45PE4P	xac 20 200 ontario california airport
Key A3NS22CC45PE4P	xac 20 189 gs pay rate
Key A3NS22CC45PE4P	xac 20 169 battles in the civil war
Key A3NS22CC45PE4P	xac 20 204 rules of golf
Key A3NS22CC45PE4P	xac 20 181 old coins
Key A3NS22CC45PE4P	xac 20 207 bph treatment
Key A3NS22CC45PE4P	xac 20 188 internet phone service
Recieved Key xac worker_id A30J4IZCMCR31F #responses 1
Key A30J4IZCMCR31F	xac 20 187 vanuatu
Key A30J4IZCMCR31F	xac 20 267 feliz navidad lyrics
Recieved Key xac worker_id manisha #responses 1
Key manisha	xac 20 187 vanuatu
Key A30J4IZCMCR31F	xac 20 205 average charitable donation
Key manisha	xac 20 267 feliz navidad lyrics
Key manisha	xac 20 205 average charitable donation
Key manisha	xac 20 200 ontario california airport
Key A30J4IZCMCR31F	xac 20 200 ontario california airport
Key A30J4IZCMCR31F	xac 20 189 gs pay rate
Key manisha	xac 20 189 gs pay rate
Key manisha	xac 20 169 battles in the civil war
Key manisha	xac 20 204 rules of golf
Key manisha	xac 20 181 old coins
Key manisha	xac 20 207 bph treatment
Key manisha	xac 20 188 internet phone service
Key A30J4IZCMCR31F	xac 20 169 battles in the civil war
Key A30J4IZCMCR31F	xac 20 204 rules of golf
Key A30J4IZCMCR31F	xac 20 181 old coins
Key A30J4IZCMCR31F	xac 20 207 bph treatment
Key A30J4IZCMCR31F	xac 20 188 internet phone service
